Using pre-set license
Built from '2021.3/staging' branch; Version is '2021.3.8f1 (b30333d56e81) revision 11731763'; Using compiler version '192829333'; Build Type 'Release'
OS: 'Windows 11  (10.0.22631) 64bit Core' Language: 'en' Physical Memory: 64651 MB
BatchMode: 1, IsHumanControllingUs: 0, StartBugReporterOnCrash: 0, Is64bit: 1, IsPro: 1

COMMAND LINE ARGUMENTS:
C:\Program Files\Unity\Hub\Editor\2021.3.8f1\Editor\Unity.exe
-adb2
-batchMode
-noUpm
-name
AssetImportWorker0
-projectPath
C:/GameDev/TortGame/TortGame/torts
-logFile
Logs/AssetImportWorker0.log
-srvPort
60020
Successfully changed project path to: C:/GameDev/TortGame/TortGame/torts
C:/GameDev/TortGame/TortGame/torts
[UnityMemory] Configuration Parameters - Can be set up in boot.config
    "memorysetup-bucket-allocator-granularity=16"
    "memorysetup-bucket-allocator-bucket-count=8"
    "memorysetup-bucket-allocator-block-size=33554432"
    "memorysetup-bucket-allocator-block-count=8"
    "memorysetup-main-allocator-block-size=16777216"
    "memorysetup-thread-allocator-block-size=16777216"
    "memorysetup-gfx-main-allocator-block-size=16777216"
    "memorysetup-gfx-thread-allocator-block-size=16777216"
    "memorysetup-cache-allocator-block-size=4194304"
    "memorysetup-typetree-allocator-block-size=2097152"
    "memorysetup-profiler-bucket-allocator-granularity=16"
    "memorysetup-profiler-bucket-allocator-bucket-count=8"
    "memorysetup-profiler-bucket-allocator-block-size=33554432"
    "memorysetup-profiler-bucket-allocator-block-count=8"
    "memorysetup-profiler-allocator-block-size=16777216"
    "memorysetup-profiler-editor-allocator-block-size=1048576"
    "memorysetup-temp-allocator-size-main=16777216"
    "memorysetup-job-temp-allocator-block-size=2097152"
    "memorysetup-job-temp-allocator-block-size-background=1048576"
    "memorysetup-job-temp-allocator-reduction-small-platforms=262144"
    "memorysetup-temp-allocator-size-background-worker=32768"
    "memorysetup-temp-allocator-size-job-worker=262144"
    "memorysetup-temp-allocator-size-preload-manager=33554432"
    "memorysetup-temp-allocator-size-nav-mesh-worker=65536"
    "memorysetup-temp-allocator-size-audio-worker=65536"
    "memorysetup-temp-allocator-size-cloud-worker=32768"
    "memorysetup-temp-allocator-size-gi-baking-worker=262144"
    "memorysetup-temp-allocator-size-gfx=262144"
Refreshing native plugins compatible for Editor in 47.51 ms, found 3 plugins.
Preloading 0 native plugins for Editor in 0.00 ms.
Initialize engine version: 2021.3.8f1 (b30333d56e81)
[Subsystems] Discovering subsystems at path C:/Program Files/Unity/Hub/Editor/2021.3.8f1/Editor/Data/Resources/UnitySubsystems
[Subsystems] Discovering subsystems at path C:/GameDev/TortGame/TortGame/torts/Assets
GfxDevice: creating device client; threaded=0; jobified=0
Direct3D:
    Version:  Direct3D 11.0 [level 11.1]
    Renderer: AMD Radeon RX 7800 XT (ID=0x747e)
    Vendor:   ATI
    VRAM:     16172 MB
    Driver:   32.0.11029.1008
Initialize mono
Mono path[0] = 'C:/Program Files/Unity/Hub/Editor/2021.3.8f1/Editor/Data/Managed'
Mono path[1] = 'C:/Program Files/Unity/Hub/Editor/2021.3.8f1/Editor/Data/MonoBleedingEdge/lib/mono/unityjit-win32'
Mono config path = 'C:/Program Files/Unity/Hub/Editor/2021.3.8f1/Editor/Data/MonoBleedingEdge/etc'
Using monoOptions --debugger-agent=transport=dt_socket,embedding=1,server=y,suspend=n,address=127.0.0.1:56216
Begin MonoManager ReloadAssembly
Registering precompiled unity dll's ...
Register platform support module: C:/Program Files/Unity/Hub/Editor/2021.3.8f1/Editor/Data/PlaybackEngines/WindowsStandaloneSupport/UnityEditor.WindowsStandalone.Extensions.dll
Registered in 0.003166 seconds.
Native extension for WindowsStandalone target not found
Refreshing native plugins compatible for Editor in 45.05 ms, found 3 plugins.
Preloading 0 native plugins for Editor in 0.00 ms.
Mono: successfully reloaded assembly
- Completed reload, in  0.338 seconds
Domain Reload Profiling:
	ReloadAssembly (338ms)
		BeginReloadAssembly (40ms)
			ExecutionOrderSort (0ms)
			DisableScriptedObjects (0ms)
			BackupInstance (0ms)
			ReleaseScriptingObjects (0ms)
			CreateAndSetChildDomain (0ms)
		EndReloadAssembly (241ms)
			LoadAssemblies (39ms)
			RebuildTransferFunctionScriptingTraits (0ms)
			SetupTypeCache (53ms)
			ReleaseScriptCaches (0ms)
			RebuildScriptCaches (14ms)
			SetupLoadedEditorAssemblies (146ms)
				LogAssemblyErrors (0ms)
				InitializePlatformSupportModulesInManaged (4ms)
				SetLoadedEditorAssemblies (0ms)
				RefreshPlugins (45ms)
				BeforeProcessingInitializeOnLoad (1ms)
				ProcessInitializeOnLoadAttributes (72ms)
				ProcessInitializeOnLoadMethodAttributes (24ms)
				AfterProcessingInitializeOnLoad (0ms)
				EditorAssembliesLoaded (0ms)
			ExecutionOrderSort2 (0ms)
			AwakeInstancesAfterBackupRestoration (0ms)
Platform modules already initialized, skipping
Registering precompiled user dll's ...
Registered in 0.003738 seconds.
Begin MonoManager ReloadAssembly
Symbol file LoadedFromMemory doesn't match image C:\GameDev\TortGame\TortGame\torts\Library\PackageCache\com.unity.visualscripting@1.7.8\Editor\VisualScripting.Core\Dependencies\YamlDotNet\Unity.VisualScripting.YamlDotNet.dll
Symbol file LoadedFromMemory doesn't match image C:\GameDev\TortGame\TortGame\torts\Library\PackageCache\com.unity.visualscripting@1.7.8\Editor\VisualScripting.Core\Dependencies\DotNetZip\Unity.VisualScripting.IonicZip.dll
Native extension for WindowsStandalone target not found
Refreshing native plugins compatible for Editor in 0.51 ms, found 3 plugins.
Preloading 0 native plugins for Editor in 0.00 ms.
Mono: successfully reloaded assembly
- Completed reload, in  0.524 seconds
Domain Reload Profiling:
	ReloadAssembly (525ms)
		BeginReloadAssembly (61ms)
			ExecutionOrderSort (0ms)
			DisableScriptedObjects (3ms)
			BackupInstance (0ms)
			ReleaseScriptingObjects (0ms)
			CreateAndSetChildDomain (13ms)
		EndReloadAssembly (405ms)
			LoadAssemblies (43ms)
			RebuildTransferFunctionScriptingTraits (0ms)
			SetupTypeCache (126ms)
			ReleaseScriptCaches (0ms)
			RebuildScriptCaches (24ms)
			SetupLoadedEditorAssemblies (192ms)
				LogAssemblyErrors (0ms)
				InitializePlatformSupportModulesInManaged (3ms)
				SetLoadedEditorAssemblies (0ms)
				RefreshPlugins (1ms)
				BeforeProcessingInitializeOnLoad (49ms)
				ProcessInitializeOnLoadAttributes (119ms)
				ProcessInitializeOnLoadMethodAttributes (15ms)
				AfterProcessingInitializeOnLoad (4ms)
				EditorAssembliesLoaded (0ms)
			ExecutionOrderSort2 (0ms)
			AwakeInstancesAfterBackupRestoration (3ms)
Platform modules already initialized, skipping
========================================================================
Worker process is ready to serve import requests
Launched and connected shader compiler UnityShaderCompiler.exe after 0.03 seconds
Refreshing native plugins compatible for Editor in 0.49 ms, found 3 plugins.
Preloading 0 native plugins for Editor in 0.00 ms.
Unloading 3377 Unused Serialized files (Serialized files now loaded: 0)
Unloading 25 unused Assets / (55.3 KB). Loaded Objects now: 3836.
Memory consumption went from 116.0 MB to 116.0 MB.
Total: 2.549900 ms (FindLiveObjects: 0.226800 ms CreateObjectMapping: 0.073800 ms MarkObjects: 2.202600 ms  DeleteObjects: 0.046200 ms)

AssetImportParameters requested are different than current active one (requested -> active):
  custom:video-decoder-ogg-theora: a1e56fd34408186e4bbccfd4996cb3dc -> 
  custom:container-muxer-webm: aa71ff27fc2769a1b78a27578f13a17b -> 
  custom:container-demuxer-webm: 4f35f7cbe854078d1ac9338744f61a02 -> 
  custom:video-encoder-webm-vp8: eb34c28f22e8b96e1ab97ce403110664 -> 
  custom:video-codec-MediaFoundation-h265: 746d11721c4dcdbdad8f713fa42b33f4 -> 
  custom:audio-encoder-webm-vorbis: bf7c407c2cedff20999df2af8eb42d56 -> 
  custom:framework-win-MediaFoundation: 216162199b28c13a410421893ffa2e32 -> 
  custom:container-demuxer-ogg: 62fdf1f143b41e24485cea50d1cbac27 -> 
  custom:video-decoder-webm-vp8: 9c59270c3fd7afecdb556c50c9e8de78 -> 
  custom:audio-decoder-ogg-vorbis: bf7c407c2cedff20999df2af8eb42d56 -> 
========================================================================
Received Import Request.
  Time since last request: 792269.113149 seconds.
  path: Assets
  artifactKey: Guid(00000000000000001000000000000000) Importer(815301076,1909f56bfc062723c751e8b465ee728b)
Start importing Assets using Guid(00000000000000001000000000000000) Importer(815301076,1909f56bfc062723c751e8b465ee728b)  -> (artifact id: '79842766b460edbeab6a34051e857a80') in 0.010620 seconds 
========================================================================
Received Import Request.
  Time since last request: 2.929413 seconds.
  path: Assets/PC
  artifactKey: Guid(1e7a8b2fce8f7564d812abbf8410d62d) Importer(815301076,1909f56bfc062723c751e8b465ee728b)
Start importing Assets/PC using Guid(1e7a8b2fce8f7564d812abbf8410d62d) Importer(815301076,1909f56bfc062723c751e8b465ee728b)  -> (artifact id: '75a26c0681891faa8ee8e1ddd9f5f2e5') in 0.005917 seconds 
========================================================================
Received Import Request.
  Time since last request: 6.739569 seconds.
  path: Assets/Prefab
  artifactKey: Guid(d0f0521845c12974681d0150c0c8f070) Importer(815301076,1909f56bfc062723c751e8b465ee728b)
Start importing Assets/Prefab using Guid(d0f0521845c12974681d0150c0c8f070) Importer(815301076,1909f56bfc062723c751e8b465ee728b)  -> (artifact id: 'c0e0e30dde480ab549d13324abf0a23d') in 0.005578 seconds 
========================================================================
Received Import Request.
  Time since last request: 3.890942 seconds.
  path: Assets/Prefabs
  artifactKey: Guid(d0f0521845c12974681d0150c0c8f070) Importer(815301076,1909f56bfc062723c751e8b465ee728b)
Start importing Assets/Prefabs using Guid(d0f0521845c12974681d0150c0c8f070) Importer(815301076,1909f56bfc062723c751e8b465ee728b)  -> (artifact id: 'f3bb84f9b64da8a1f403439d2610521c') in 0.006293 seconds 
========================================================================
Received Import Request.
  Time since last request: 9.532668 seconds.
  path: Assets/turtle.fbx
  artifactKey: Guid(da89e6af56c02db4fab0b4c4b00acaeb) Importer(815301076,1909f56bfc062723c751e8b465ee728b)
Start importing Assets/turtle.fbx using Guid(da89e6af56c02db4fab0b4c4b00acaeb) Importer(815301076,1909f56bfc062723c751e8b465ee728b)  -> (artifact id: '89343ea4607fd878fcf3e3bd8826e3a1') in 0.235704 seconds 
========================================================================
Received Import Request.
  Time since last request: 43.846916 seconds.
  path: Assets/PC/turtle.fbx
  artifactKey: Guid(da89e6af56c02db4fab0b4c4b00acaeb) Importer(815301076,1909f56bfc062723c751e8b465ee728b)
Start importing Assets/PC/turtle.fbx using Guid(da89e6af56c02db4fab0b4c4b00acaeb) Importer(815301076,1909f56bfc062723c751e8b465ee728b)  -> (artifact id: '4b0401fac01c19efda2498bfe609994b') in 0.020039 seconds 
========================================================================
Received Import Request.
  Time since last request: 11.179852 seconds.
  path: Assets/PC/256 palette.png
  artifactKey: Guid(6b9467176ccdac34089c6b4774dc700b) Importer(815301076,1909f56bfc062723c751e8b465ee728b)
Start importing Assets/PC/256 palette.png using Guid(6b9467176ccdac34089c6b4774dc700b) Importer(815301076,1909f56bfc062723c751e8b465ee728b)  -> (artifact id: '00295afd516006ca18f8cccb9b33ccbb') in 0.033842 seconds 
========================================================================
Received Import Request.
  Time since last request: 2.883926 seconds.
  path: Assets/PC/256 palette 1.png
  artifactKey: Guid(a04278b75d6b4934b98c84a4535e1e3e) Importer(815301076,1909f56bfc062723c751e8b465ee728b)
Start importing Assets/PC/256 palette 1.png using Guid(a04278b75d6b4934b98c84a4535e1e3e) Importer(815301076,1909f56bfc062723c751e8b465ee728b)  -> (artifact id: 'a00413a40d08853fa5143206b937ba23') in 0.008668 seconds 
========================================================================
Received Import Request.
  Time since last request: 11.548229 seconds.
  path: Assets/PC/Material.mat
  artifactKey: Guid(b5618ce326e57044da5c2c4747408a9c) Importer(815301076,1909f56bfc062723c751e8b465ee728b)
Start importing Assets/PC/Material.mat using Guid(b5618ce326e57044da5c2c4747408a9c) Importer(815301076,1909f56bfc062723c751e8b465ee728b)  -> (artifact id: '1ce68473bab99b019a90667e944a4562') in 0.009581 seconds 
========================================================================
Received Import Request.
  Time since last request: 41.504809 seconds.
  path: Assets/PC/256 palette 1.png
  artifactKey: Guid(a04278b75d6b4934b98c84a4535e1e3e) Importer(815301076,1909f56bfc062723c751e8b465ee728b)
Start importing Assets/PC/256 palette 1.png using Guid(a04278b75d6b4934b98c84a4535e1e3e) Importer(815301076,1909f56bfc062723c751e8b465ee728b)  -> (artifact id: '2619779c10c39b1e1bd2b8f58eb4d348') in 0.004470 seconds 
========================================================================
Received Import Request.
  Time since last request: 0.003863 seconds.
  path: Assets/PC/Material.mat
  artifactKey: Guid(b5618ce326e57044da5c2c4747408a9c) Importer(815301076,1909f56bfc062723c751e8b465ee728b)
Start importing Assets/PC/Material.mat using Guid(b5618ce326e57044da5c2c4747408a9c) Importer(815301076,1909f56bfc062723c751e8b465ee728b)  -> (artifact id: 'dae2a9d0f80f0713a13c715289da4076') in 0.011712 seconds 
========================================================================
Received Import Request.
  Time since last request: 3.876922 seconds.
  path: Assets/PC/256 palette 1.png
  artifactKey: Guid(a04278b75d6b4934b98c84a4535e1e3e) Importer(815301076,1909f56bfc062723c751e8b465ee728b)
Start importing Assets/PC/256 palette 1.png using Guid(a04278b75d6b4934b98c84a4535e1e3e) Importer(815301076,1909f56bfc062723c751e8b465ee728b)  -> (artifact id: '666117404f6470953df0718ff20f81ab') in 0.004390 seconds 
========================================================================
Received Import Request.
  Time since last request: 0.003930 seconds.
  path: Assets/PC/Material.mat
  artifactKey: Guid(b5618ce326e57044da5c2c4747408a9c) Importer(815301076,1909f56bfc062723c751e8b465ee728b)
Start importing Assets/PC/Material.mat using Guid(b5618ce326e57044da5c2c4747408a9c) Importer(815301076,1909f56bfc062723c751e8b465ee728b)  -> (artifact id: '211737d19d819f6b94d321bcce23086e') in 0.009181 seconds 
